0 info it worked if it ends with ok
1 verbose cli [ '/home/bdb/.nvm/versions/node/v6.9.5/bin/node',
1 verbose cli   '/home/bdb/.nvm/versions/node/v6.9.5/bin/npm',
1 verbose cli   'run',
1 verbose cli   'commit' ]
2 info using npm@3.10.10
3 info using node@v6.9.5
4 verbose run-script [ 'precommit', 'commit', 'postcommit' ]
5 info lifecycle jdbapi@0.1.3~precommit: jdbapi@0.1.3
6 silly lifecycle jdbapi@0.1.3~precommit: no script for precommit, continuing
7 info lifecycle jdbapi@0.1.3~commit: jdbapi@0.1.3
8 verbose lifecycle jdbapi@0.1.3~commit: unsafe-perm in lifecycle true
9 verbose lifecycle jdbapi@0.1.3~commit: PATH: /home/bdb/.nvm/versions/node/v6.9.5/lib/node_modules/npm/bin/node-gyp-bin:/home/bdb/Projects/orthodoc/jdbapi/node_modules/.bin:/home/bdb/.nvm/versions/node/v6.9.5/bin:/home/bdb/anaconda/bin:/home/bdb/.sdkman/candidates/gradle/current/bin:/home/bdb/.rvm/gems/ruby-2.3.3/bin:/home/bdb/.rvm/gems/ruby-2.3.3@global/bin:/home/bdb/.rvm/rubies/ruby-2.3.3/bin:/home/bdb/anaconda/bin:/usr/local/sbin:/usr/local/bin:/usr/sbin:/usr/bin:/sbin:/bin:/usr/games:/usr/local/games:/snap/bin:/home/bdb/.rvm/bin:/snap/bin:/home/bdb/.rvm/bin:/home/bdb/.rvm/bin:/home/bdb/.rvm/bin
10 verbose lifecycle jdbapi@0.1.3~commit: CWD: /home/bdb/Projects/orthodoc/jdbapi
11 silly lifecycle jdbapi@0.1.3~commit: Args: [ '-c', 'git-cz' ]
12 silly lifecycle jdbapi@0.1.3~commit: Returned: code: 1  signal: null
13 info lifecycle jdbapi@0.1.3~commit: Failed to exec commit script
14 verbose stack Error: jdbapi@0.1.3 commit: `git-cz`
14 verbose stack Exit status 1
14 verbose stack     at EventEmitter.<anonymous> (/home/bdb/.nvm/versions/node/v6.9.5/lib/node_modules/npm/lib/utils/lifecycle.js:255:16)
14 verbose stack     at emitTwo (events.js:106:13)
14 verbose stack     at EventEmitter.emit (events.js:191:7)
14 verbose stack     at ChildProcess.<anonymous> (/home/bdb/.nvm/versions/node/v6.9.5/lib/node_modules/npm/lib/utils/spawn.js:40:14)
14 verbose stack     at emitTwo (events.js:106:13)
14 verbose stack     at ChildProcess.emit (events.js:191:7)
14 verbose stack     at maybeClose (internal/child_process.js:877:16)
14 verbose stack     at Process.ChildProcess._handle.onexit (internal/child_process.js:226:5)
15 verbose pkgid jdbapi@0.1.3
16 verbose cwd /home/bdb/Projects/orthodoc/jdbapi
17 error Linux 4.4.0-93-generic
18 error argv "/home/bdb/.nvm/versions/node/v6.9.5/bin/node" "/home/bdb/.nvm/versions/node/v6.9.5/bin/npm" "run" "commit"
19 error node v6.9.5
20 error npm  v3.10.10
21 error code ELIFECYCLE
22 error jdbapi@0.1.3 commit: `git-cz`
22 error Exit status 1
23 error Failed at the jdbapi@0.1.3 commit script 'git-cz'.
23 error Make sure you have the latest version of node.js and npm installed.
23 error If you do, this is most likely a problem with the jdbapi package,
23 error not with npm itself.
23 error Tell the author that this fails on your system:
23 error     git-cz
23 error You can get information on how to open an issue for this project with:
23 error     npm bugs jdbapi
23 error Or if that isn't available, you can get their info via:
23 error     npm owner ls jdbapi
23 error There is likely additional logging output above.
24 verbose exit [ 1, true ]
